<?xml version="1.0" encoding="UTF-8"?>
<!-- Generated by org.testng.reporters.JUnitXMLReporter -->
<testsuite ignored="0" hostname="DESKTOP-OT1VJE0" failures="0" tests="2" name="Surefire test" time="16.424" errors="0" timestamp="2026-01-21T14:33:13 CST">
  <testcase classname="io.cucumber.testng.AbstractTestNGCucumberTests" name="runScenario" time="8.569"/>
  <testcase classname="io.cucumber.testng.AbstractTestNGCucumberTests" name="runScenario" time="7.075"/>
</testsuite> <!-- Surefire test -->
