<?xml version="1.0" encoding="UTF-8"?>
<!-- Generated by org.testng.reporters.JUnitXMLReporter -->
<testsuite ignored="1" hostname="DESKTOP-OT1VJE0" failures="0" tests="2" name="Submit Order Test" time="21.858" errors="0" timestamp="2026-01-20T20:59:17 CST">
  <testcase classname="Sample.FrameworkDesign.Tests.SubmitOrderTest" name="SubmitOrderTest" time="5.102"/>
  <testcase classname="Sample.FrameworkDesign.Tests.SubmitOrderTest" name="SubmitOrderTest" time="5.029"/>
  <testcase classname="Sample.FrameworkDesign.Tests.SubmitOrderTest" name="OrderHistoryTest" time="0.0">
    <ignored/>
  </testcase> <!-- OrderHistoryTest -->
</testsuite> <!-- Submit Order Test -->
