<?xml version="1.0" encoding="UTF-8"?>
<!-- Generated by org.testng.reporters.JUnitXMLReporter -->
<testsuite ignored="0" hostname="DESKTOP-OT1VJE0" failures="0" tests="2" name="Error Validations Test" time="13.801" errors="0" timestamp="2025-12-10T00:10:02 CST">
  <testcase classname="Sample.FrameworkDesign.Tests.ErrorValidationsTest" name="LoginErrorValidation" time="0.916"/>
  <testcase classname="Sample.FrameworkDesign.Tests.ErrorValidationsTest" name="ProductErrorValidation" time="2.894"/>
</testsuite> <!-- Error Validations Test -->
