<?xml version="1.0" encoding="UTF-8"?>
<!-- Generated by org.testng.reporters.JUnitXMLReporter -->
<testsuite ignored="0" hostname="DESKTOP-OT1VJE0" failures="0" tests="3" name="Submit Order Test" time="23.534" errors="0" timestamp="2025-12-10T00:10:11 CST">
  <testcase classname="Sample.FrameworkDesign.Tests.SubmitOrderTest" name="SubmitOrderTest" time="4.208"/>
  <testcase classname="Sample.FrameworkDesign.Tests.SubmitOrderTest" name="SubmitOrderTest" time="3.784"/>
  <testcase classname="Sample.FrameworkDesign.Tests.SubmitOrderTest" name="OrderHistoryTest" time="1.041"/>
</testsuite> <!-- Submit Order Test -->
