<?xml version="1.0" encoding="UTF-8"?>
<testsuite xmlns:xsi="http://www.w3.org/2001/XMLSchema-instance" xsi:noNamespaceSchemaLocation="https://maven.apache.org/surefire/maven-surefire-plugin/xsd/surefire-test-report-3.0.xsd" version="3.0" name="TestSuite" time="24.592" tests="5" errors="0" skipped="0" failures="0">
  <properties>
[...]
</properties>
  <testcase name="LoginErrorValidation" classname="Sample.FrameworkDesign.Tests.ErrorValidationsTest" time="0.931"/>
  <testcase name="ProductErrorValidation" classname="Sample.FrameworkDesign.Tests.ErrorValidationsTest" time="2.894"/>
  <testcase name="SubmitOrderTest" classname="Sample.FrameworkDesign.Tests.SubmitOrderTest" time="4.103"/>
  <testcase name="SubmitOrderTest" classname="Sample.FrameworkDesign.Tests.SubmitOrderTest" time="3.786"/>
  <testcase name="OrderHistoryTest" classname="Sample.FrameworkDesign.Tests.SubmitOrderTest" time="1.041"/>
</testsuite>