<?xml version="1.0" encoding="UTF-8"?>
<!-- Generated by org.testng.reporters.JUnitReportReporter -->
<testsuite hostname="DESKTOP-OT1VJE0" failures="0" tests="2" name="Sample.FrameworkDesign.Tests.SubmitOrderTest" time="21.477" errors="0" timestamp="2026-01-20T20:59:17 CST" skipped="0">
  <testcase classname="Sample.FrameworkDesign.Tests.SubmitOrderTest" name="SubmitOrderTest" time="11.833"/>
  <testcase classname="Sample.FrameworkDesign.Tests.SubmitOrderTest" name="SubmitOrderTest" time="9.644"/>
</testsuite> <!-- Sample.FrameworkDesign.Tests.SubmitOrderTest -->
