<?xml version="1.0" encoding="UTF-8"?>
<!-- Generated by org.testng.reporters.JUnitReportReporter -->
<testsuite hostname="DESKTOP-OT1VJE0" failures="0" tests="3" name="Sample.FrameworkDesign.Tests.SubmitOrderTest" time="23.104" errors="0" timestamp="2025-12-10T00:10:11 CST" skipped="0">
  <testcase classname="Sample.FrameworkDesign.Tests.SubmitOrderTest" name="OrderHistoryTest" time="5.916"/>
  <testcase classname="Sample.FrameworkDesign.Tests.SubmitOrderTest" name="SubmitOrderTest" time="8.886"/>
  <testcase classname="Sample.FrameworkDesign.Tests.SubmitOrderTest" name="SubmitOrderTest" time="8.302"/>
</testsuite> <!-- Sample.FrameworkDesign.Tests.SubmitOrderTest -->
