<?xml version="1.0" encoding="UTF-8"?>
<!-- Generated by org.testng.reporters.JUnitReportReporter -->
<testsuite hostname="DESKTOP-OT1VJE0" failures="0" tests="2" name="Sample.FrameworkDesign.Tests.ErrorValidationsTest" time="13.720" errors="0" timestamp="2025-12-10T00:10:11 CST" skipped="0">
  <testcase classname="Sample.FrameworkDesign.Tests.ErrorValidationsTest" name="ProductErrorValidation" time="8.413"/>
  <testcase classname="Sample.FrameworkDesign.Tests.ErrorValidationsTest" name="LoginErrorValidation" time="5.307"/>
</testsuite> <!-- Sample.FrameworkDesign.Tests.ErrorValidationsTest -->
